<?xml version="1.0" encoding="UTF-8"?>
<!-- Generated by org.testng.reporters.JUnitXMLReporter -->
<testsuite ignored="0" hostname="DESKTOP-3TNG5SM" failures="0" tests="1" name="Test" time="0.369" errors="0" timestamp="2023-01-20T00:51:49 IST">
  <testcase classname="Com.Ecommerce.BaseClass.Ecommerce_BaseClass" name="@BeforeMethod SetUp" time="0.248">
    <failure type="java.lang.NullPointerException" message="Cannot invoke &amp;quot;org.openqa.selenium.WebDriver.manage()&amp;quot; because &amp;quot;Com.Ecommerce.BaseClass.Ecommerce_BaseClass.driver&amp;quot; is null">
      <![CDATA[java.lang.NullPointerException: Cannot invoke "org.openqa.selenium.WebDriver.manage()" because "Com.Ecommerce.BaseClass.Ecommerce_BaseClass.driver" is null
at Com.Ecommerce.BaseClass.Ecommerce_BaseClass.SetUp(Ecommerce_BaseClass.java:43)
at java.base/java.util.ArrayList.forEach(ArrayList.java:1511)
at java.base/java.util.concurrent.FutureTask.run(FutureTask.java:317)
at java.base/java.util.concurrent.ThreadPoolExecutor.runWorker(ThreadPoolExecutor.java:1144)
at java.base/java.util.concurrent.ThreadPoolExecutor$Worker.run(ThreadPoolExecutor.java:642)
at java.base/java.lang.Thread.run(Thread.java:1589)
... Removed 20 stack frames]]>
    </failure>
  </testcase> <!-- @BeforeMethod SetUp -->
  <testcase classname="Com.Ecommerce.BaseClass.Ecommerce_BaseClass" name="@AfterMethod TearDown" time="-1.674156109623E9">
    <skipped/>
  </testcase> <!-- @AfterMethod TearDown -->
  <testcase classname="Com.Ecommerce.TestCases.TC_LoginTestcase" name="LoginTestCase" time="0.0">
    <skipped/>
  </testcase> <!-- LoginTestCase -->
</testsuite> <!-- Test -->
